[2026-06-03T17:37:00.820+08:00] Getting interface description
[2026-06-03T17:37:00.820+08:00] Interface description end
[2026-06-03T17:37:00.820+08:00] Uploading test info to server
[2026-06-03T17:37:00.820+08:00] UploadTestInfoToServer end
[2026-06-03T17:37:00.820+08:00] will get size
[2026-06-03T17:37:00.891+08:00] size: 384x832
[2026-06-03T17:37:02.702+08:00] will get screenshot dimensions
[2026-06-03T17:37:02.848+08:00] screenshot dimensions 1080 x 2340
[2026-06-03T17:37:02.848+08:00] calculated dpr: 2.8125
[2026-06-03T17:37:02.848+08:00] shrunkShotToLogicalRatio 2.8125
[2026-06-03T17:37:03.585+08:00] Getting interface description
[2026-06-03T17:37:03.585+08:00] Interface description end
[2026-06-03T17:37:03.585+08:00] Uploading test info to server
[2026-06-03T17:37:03.585+08:00] UploadTestInfoToServer end
[2026-06-03T17:37:03.585+08:00] will get size
[2026-06-03T17:37:03.585+08:00] size: 384x832
[2026-06-03T17:37:04.381+08:00] will get screenshot dimensions
[2026-06-03T17:37:04.433+08:00] screenshot dimensions 1080 x 2340
[2026-06-03T17:37:04.433+08:00] calculated dpr: 2.8125
[2026-06-03T17:37:04.433+08:00] shrunkShotToLogicalRatio 2.8125
[2026-06-03T17:37:07.462+08:00] Getting interface description
[2026-06-03T17:37:07.462+08:00] Interface description end
[2026-06-03T17:37:07.462+08:00] Uploading test info to server
[2026-06-03T17:37:07.462+08:00] UploadTestInfoToServer end
[2026-06-03T17:37:07.462+08:00] will get size
[2026-06-03T17:37:07.462+08:00] size: 384x832
[2026-06-03T17:37:08.231+08:00] will get screenshot dimensions
[2026-06-03T17:37:08.312+08:00] screenshot dimensions 1080 x 2340
[2026-06-03T17:37:08.312+08:00] calculated dpr: 2.8125
[2026-06-03T17:37:08.312+08:00] shrunkShotToLogicalRatio 2.8125
[2026-06-03T17:37:19.795+08:00] Getting interface description
[2026-06-03T17:37:19.795+08:00] Interface description end
[2026-06-03T17:37:19.795+08:00] Uploading test info to server
[2026-06-03T17:37:19.795+08:00] UploadTestInfoToServer end
[2026-06-03T17:37:19.795+08:00] will get size
[2026-06-03T17:37:19.795+08:00] size: 384x832
[2026-06-03T17:37:20.317+08:00] will get screenshot dimensions
[2026-06-03T17:37:20.384+08:00] screenshot dimensions 1080 x 2340
[2026-06-03T17:37:20.384+08:00] calculated dpr: 2.8125
[2026-06-03T17:37:20.384+08:00] shrunkShotToLogicalRatio 2.8125
[2026-06-03T17:37:22.896+08:00] Getting interface description
[2026-06-03T17:37:22.896+08:00] Interface description end
[2026-06-03T17:37:22.896+08:00] Uploading test info to server
[2026-06-03T17:37:22.896+08:00] UploadTestInfoToServer end
[2026-06-03T17:37:22.896+08:00] will get size
[2026-06-03T17:37:22.896+08:00] size: 384x832
[2026-06-03T17:37:23.307+08:00] will get screenshot dimensions
[2026-06-03T17:37:23.371+08:00] screenshot dimensions 1080 x 2340
[2026-06-03T17:37:23.371+08:00] calculated dpr: 2.8125
[2026-06-03T17:37:23.371+08:00] shrunkShotToLogicalRatio 2.8125
[2026-06-03T17:37:45.691+08:00] Getting interface description
[2026-06-03T17:37:45.691+08:00] Interface description end
[2026-06-03T17:37:45.691+08:00] Uploading test info to server
[2026-06-03T17:37:45.691+08:00] UploadTestInfoToServer end
[2026-06-03T17:37:45.691+08:00] will get size
[2026-06-03T17:37:45.692+08:00] size: 384x832
[2026-06-03T17:37:46.132+08:00] will get screenshot dimensions
[2026-06-03T17:37:46.204+08:00] screenshot dimensions 1080 x 2340
[2026-06-03T17:37:46.204+08:00] calculated dpr: 2.8125
[2026-06-03T17:37:46.204+08:00] shrunkShotToLogicalRatio 2.8125
[2026-06-03T17:37:46.972+08:00] Getting interface description
[2026-06-03T17:37:46.972+08:00] Interface description end
[2026-06-03T17:37:46.972+08:00] Uploading test info to server
[2026-06-03T17:37:46.972+08:00] UploadTestInfoToServer end
[2026-06-03T17:37:46.972+08:00] will get size
[2026-06-03T17:37:46.973+08:00] size: 384x832
[2026-06-03T17:37:47.371+08:00] will get screenshot dimensions
[2026-06-03T17:37:47.436+08:00] screenshot dimensions 1080 x 2340
[2026-06-03T17:37:47.436+08:00] calculated dpr: 2.8125
[2026-06-03T17:37:47.436+08:00] shrunkShotToLogicalRatio 2.8125
[2026-06-03T17:38:30.112+08:00] Getting interface description
[2026-06-03T17:38:30.112+08:00] Interface description end
[2026-06-03T17:38:30.112+08:00] Uploading test info to server
[2026-06-03T17:38:30.112+08:00] UploadTestInfoToServer end
[2026-06-03T17:38:30.112+08:00] will get size
[2026-06-03T17:38:30.113+08:00] size: 384x832
[2026-06-03T17:38:30.751+08:00] will get screenshot dimensions
[2026-06-03T17:38:30.818+08:00] screenshot dimensions 1080 x 2340
[2026-06-03T17:38:30.818+08:00] calculated dpr: 2.8125
[2026-06-03T17:38:30.818+08:00] shrunkShotToLogicalRatio 2.8125
[2026-06-03T17:38:31.556+08:00] Getting interface description
[2026-06-03T17:38:31.557+08:00] Interface description end
[2026-06-03T17:38:31.557+08:00] Uploading test info to server
[2026-06-03T17:38:31.557+08:00] UploadTestInfoToServer end
[2026-06-03T17:38:31.557+08:00] will get size
[2026-06-03T17:38:31.557+08:00] size: 384x832
[2026-06-03T17:38:31.965+08:00] will get screenshot dimensions
[2026-06-03T17:38:32.029+08:00] screenshot dimensions 1080 x 2340
[2026-06-03T17:38:32.029+08:00] calculated dpr: 2.8125
[2026-06-03T17:38:32.029+08:00] shrunkShotToLogicalRatio 2.8125
[2026-06-03T17:39:51.344+08:00] Getting interface description
[2026-06-03T17:39:51.344+08:00] Interface description end
[2026-06-03T17:39:51.344+08:00] Uploading test info to server
[2026-06-03T17:39:51.344+08:00] UploadTestInfoToServer end
[2026-06-03T17:39:51.344+08:00] will get size
[2026-06-03T17:39:51.344+08:00] size: 384x832
[2026-06-03T17:39:51.891+08:00] will get screenshot dimensions
[2026-06-03T17:39:51.964+08:00] screenshot dimensions 1080 x 2340
[2026-06-03T17:39:51.964+08:00] calculated dpr: 2.8125
[2026-06-03T17:39:51.964+08:00] shrunkShotToLogicalRatio 2.8125
[2026-06-03T17:39:52.725+08:00] Getting interface description
[2026-06-03T17:39:52.725+08:00] Interface description end
[2026-06-03T17:39:52.725+08:00] Uploading test info to server
[2026-06-03T17:39:52.725+08:00] UploadTestInfoToServer end
[2026-06-03T17:39:52.725+08:00] will get size
[2026-06-03T17:39:52.726+08:00] size: 384x832
[2026-06-03T17:39:53.112+08:00] will get screenshot dimensions
[2026-06-03T17:39:53.172+08:00] screenshot dimensions 1080 x 2340
[2026-06-03T17:39:53.172+08:00] calculated dpr: 2.8125
[2026-06-03T17:39:53.172+08:00] shrunkShotToLogicalRatio 2.8125
[2026-06-03T17:40:07.523+08:00] Getting interface description
[2026-06-03T17:40:07.523+08:00] Interface description end
[2026-06-03T17:40:07.523+08:00] Uploading test info to server
[2026-06-03T17:40:07.523+08:00] UploadTestInfoToServer end
[2026-06-03T17:40:07.523+08:00] will get size
[2026-06-03T17:40:07.523+08:00] size: 384x832
[2026-06-03T17:40:07.961+08:00] will get screenshot dimensions
[2026-06-03T17:40:08.029+08:00] screenshot dimensions 1080 x 2340
[2026-06-03T17:40:08.029+08:00] calculated dpr: 2.8125
[2026-06-03T17:40:08.029+08:00] shrunkShotToLogicalRatio 2.8125
[2026-06-03T17:40:08.669+08:00] Getting interface description
[2026-06-03T17:40:08.669+08:00] Interface description end
[2026-06-03T17:40:08.669+08:00] Uploading test info to server
[2026-06-03T17:40:08.669+08:00] UploadTestInfoToServer end
[2026-06-03T17:40:08.669+08:00] will get size
[2026-06-03T17:40:08.669+08:00] size: 384x832
[2026-06-03T17:40:09.471+08:00] Getting interface description
[2026-06-03T17:40:09.471+08:00] Interface description end
[2026-06-03T17:40:09.471+08:00] Uploading test info to server
[2026-06-03T17:40:09.471+08:00] UploadTestInfoToServer end
[2026-06-03T17:40:09.471+08:00] will get size
[2026-06-03T17:40:09.471+08:00] size: 384x832
[2026-06-03T17:40:10.087+08:00] will get screenshot dimensions
[2026-06-03T17:40:10.209+08:00] screenshot dimensions 1080 x 2340
[2026-06-03T17:40:10.209+08:00] calculated dpr: 2.8125
[2026-06-03T17:40:10.209+08:00] shrunkShotToLogicalRatio 2.8125
[2026-06-03T17:41:39.014+08:00] Getting interface description
[2026-06-03T17:41:39.014+08:00] Interface description end
[2026-06-03T17:41:39.014+08:00] Uploading test info to server
[2026-06-03T17:41:39.014+08:00] UploadTestInfoToServer end
[2026-06-03T17:41:39.014+08:00] will get size
[2026-06-03T17:41:39.089+08:00] size: 384x832
[2026-06-03T17:41:40.432+08:00] will get screenshot dimensions
[2026-06-03T17:41:40.575+08:00] screenshot dimensions 1080 x 2340
[2026-06-03T17:41:40.575+08:00] calculated dpr: 2.8125
[2026-06-03T17:41:40.575+08:00] shrunkShotToLogicalRatio 2.8125
[2026-06-03T17:41:41.360+08:00] Getting interface description
[2026-06-03T17:41:41.360+08:00] Interface description end
[2026-06-03T17:41:41.360+08:00] Uploading test info to server
[2026-06-03T17:41:41.360+08:00] UploadTestInfoToServer end
[2026-06-03T17:41:41.360+08:00] will get size
[2026-06-03T17:41:41.361+08:00] size: 384x832
[2026-06-03T17:41:42.547+08:00] will get screenshot dimensions
[2026-06-03T17:41:42.626+08:00] screenshot dimensions 1080 x 2340
[2026-06-03T17:41:42.626+08:00] calculated dpr: 2.8125
[2026-06-03T17:41:42.626+08:00] shrunkShotToLogicalRatio 2.8125
[2026-06-03T17:41:45.662+08:00] Getting interface description
[2026-06-03T17:41:45.662+08:00] Interface description end
[2026-06-03T17:41:45.662+08:00] Uploading test info to server
[2026-06-03T17:41:45.662+08:00] UploadTestInfoToServer end
[2026-06-03T17:41:45.662+08:00] will get size
[2026-06-03T17:41:45.662+08:00] size: 384x832
[2026-06-03T17:41:46.516+08:00] will get screenshot dimensions
[2026-06-03T17:41:46.595+08:00] screenshot dimensions 1080 x 2340
[2026-06-03T17:41:46.595+08:00] calculated dpr: 2.8125
[2026-06-03T17:41:46.595+08:00] shrunkShotToLogicalRatio 2.8125
[2026-06-03T17:41:57.842+08:00] Getting interface description
[2026-06-03T17:41:57.842+08:00] Interface description end
[2026-06-03T17:41:57.842+08:00] Uploading test info to server
[2026-06-03T17:41:57.842+08:00] UploadTestInfoToServer end
[2026-06-03T17:41:57.842+08:00] will get size
[2026-06-03T17:41:57.842+08:00] size: 384x832
[2026-06-03T17:41:58.260+08:00] will get screenshot dimensions
[2026-06-03T17:41:58.322+08:00] screenshot dimensions 1080 x 2340
[2026-06-03T17:41:58.323+08:00] calculated dpr: 2.8125
[2026-06-03T17:41:58.323+08:00] shrunkShotToLogicalRatio 2.8125
[2026-06-03T17:42:00.836+08:00] Getting interface description
[2026-06-03T17:42:00.836+08:00] Interface description end
[2026-06-03T17:42:00.836+08:00] Uploading test info to server
[2026-06-03T17:42:00.836+08:00] UploadTestInfoToServer end
[2026-06-03T17:42:00.836+08:00] will get size
[2026-06-03T17:42:00.837+08:00] size: 384x832
[2026-06-03T17:42:01.218+08:00] will get screenshot dimensions
[2026-06-03T17:42:01.282+08:00] screenshot dimensions 1080 x 2340
[2026-06-03T17:42:01.282+08:00] calculated dpr: 2.8125
[2026-06-03T17:42:01.282+08:00] shrunkShotToLogicalRatio 2.8125
[2026-06-03T17:42:20.983+08:00] Getting interface description
[2026-06-03T17:42:20.983+08:00] Interface description end
[2026-06-03T17:42:20.983+08:00] Uploading test info to server
[2026-06-03T17:42:20.983+08:00] UploadTestInfoToServer end
[2026-06-03T17:42:20.983+08:00] will get size
[2026-06-03T17:42:20.983+08:00] size: 384x832
[2026-06-03T17:42:21.423+08:00] will get screenshot dimensions
[2026-06-03T17:42:21.480+08:00] screenshot dimensions 1080 x 2340
[2026-06-03T17:42:21.480+08:00] calculated dpr: 2.8125
[2026-06-03T17:42:21.480+08:00] shrunkShotToLogicalRatio 2.8125
[2026-06-03T17:42:22.217+08:00] Getting interface description
[2026-06-03T17:42:22.217+08:00] Interface description end
[2026-06-03T17:42:22.217+08:00] Uploading test info to server
[2026-06-03T17:42:22.217+08:00] UploadTestInfoToServer end
[2026-06-03T17:42:22.217+08:00] will get size
[2026-06-03T17:42:22.217+08:00] size: 384x832
[2026-06-03T17:42:22.611+08:00] will get screenshot dimensions
[2026-06-03T17:42:22.672+08:00] screenshot dimensions 1080 x 2340
[2026-06-03T17:42:22.672+08:00] calculated dpr: 2.8125
[2026-06-03T17:42:22.672+08:00] shrunkShotToLogicalRatio 2.8125
[2026-06-03T17:42:34.565+08:00] Getting interface description
[2026-06-03T17:42:34.565+08:00] Interface description end
[2026-06-03T17:42:34.565+08:00] Uploading test info to server
[2026-06-03T17:42:34.565+08:00] UploadTestInfoToServer end
[2026-06-03T17:42:34.565+08:00] will get size
[2026-06-03T17:42:34.566+08:00] size: 384x832
[2026-06-03T17:42:34.985+08:00] will get screenshot dimensions
[2026-06-03T17:42:35.051+08:00] screenshot dimensions 1080 x 2340
[2026-06-03T17:42:35.051+08:00] calculated dpr: 2.8125
[2026-06-03T17:42:35.051+08:00] shrunkShotToLogicalRatio 2.8125
[2026-06-03T17:42:35.799+08:00] Getting interface description
[2026-06-03T17:42:35.800+08:00] Interface description end
[2026-06-03T17:42:35.800+08:00] Uploading test info to server
[2026-06-03T17:42:35.800+08:00] UploadTestInfoToServer end
[2026-06-03T17:42:35.800+08:00] will get size
[2026-06-03T17:42:35.800+08:00] size: 384x832
[2026-06-03T17:42:36.186+08:00] will get screenshot dimensions
[2026-06-03T17:42:36.252+08:00] screenshot dimensions 1080 x 2340
[2026-06-03T17:42:36.252+08:00] calculated dpr: 2.8125
[2026-06-03T17:42:36.252+08:00] shrunkShotToLogicalRatio 2.8125
[2026-06-03T17:42:42.670+08:00] Getting interface description
[2026-06-03T17:42:42.671+08:00] Interface description end
[2026-06-03T17:42:42.671+08:00] Uploading test info to server
[2026-06-03T17:42:42.671+08:00] UploadTestInfoToServer end
[2026-06-03T17:42:42.671+08:00] will get size
[2026-06-03T17:42:42.671+08:00] size: 384x832
[2026-06-03T17:42:43.062+08:00] will get screenshot dimensions
[2026-06-03T17:42:43.120+08:00] screenshot dimensions 1080 x 2340
[2026-06-03T17:42:43.120+08:00] calculated dpr: 2.8125
[2026-06-03T17:42:43.120+08:00] shrunkShotToLogicalRatio 2.8125
[2026-06-03T17:42:43.786+08:00] Getting interface description
[2026-06-03T17:42:43.786+08:00] Interface description end
[2026-06-03T17:42:43.786+08:00] Uploading test info to server
[2026-06-03T17:42:43.786+08:00] UploadTestInfoToServer end
[2026-06-03T17:42:43.786+08:00] will get size
[2026-06-03T17:42:43.786+08:00] size: 384x832
